TrackImitator_Robot/build/outputs/logs/manifest-merger-debug-report.txt
-- Merging decision tree log ---
manifest
ADDED from src\main\AndroidManifest.xml:2:1-28:12
INJECTED from src\main\AndroidManifest.xml:2:1-28:12
INJECTED from src\main\AndroidManifest.xml:2:1-28:12
INJECTED from src\main\AndroidManifest.xml:2:1-28:12
MERGED from [com.segway.robot:robot-connectivity-sdk:0.5.82] AndroidManifest.xml:2:1-16:12
MERGED from [com.segway.robot:basesdk:0.6.119] AndroidManifest.xml:2:1-11:12
MERGED from [com.segway.robot:headsdk:0.6.119] AndroidManifest.xml:2:1-11:12
MERGED from [com.segway.robot:emoji:0.1.18] AndroidManifest.xml:2:1-15:12
MERGED from [com.segway.robot:speech-sdk:0.5.157] AndroidManifest.xml:2:1-11:12
MERGED from [com.segway.robot:base-connectivity-sdk:0.5.82] AndroidManifest.xml:2:1-14:12
MERGED from [com.segway.robot:basic-class:0.5.70] AndroidManifest.xml:2:1-17:12
MERGED from [com.segway.robot:sdkbase:0.1.43] AndroidManifest.xml:2:1-13:12
MERGED from [com.android.support:design:23.4.0] AndroidManifest.xml:17:1-24:12
MERGED from [com.android.support:recyclerview-v7:23.4.0] AndroidManifest.xml:17:1-22:12
MERGED from [com.android.support:appcompat-v7:23.4.0] AndroidManifest.xml:17:1-27:12
MERGED from [com.android.support:animated-vector-drawable:23.4.0] AndroidManifest.xml:2:1-9:12
MERGED from [com.android.support:support-vector-drawable:23.4.0] AndroidManifest.xml:2:1-9:12
MERGED from [com.android.support:support-v4:23.4.0] AndroidManifest.xml:17:1-24:12
MERGED from [pl.droidsonroids.gif:android-gif-drawable:1.2.2] AndroidManifest.xml:2:1-11:12
INJECTED from src\main\AndroidManifest.xml:2:1-28:12
INJECTED from src\main\AndroidManifest.xml:2:1-28:12
INJECTED from src\main\AndroidManifest.xml:2:1-28:12
	package
		ADDED from src\main\AndroidManifest.xml:3:5-52
		INJECTED from src\main\AndroidManifest.xml
		INJECTED from src\main\AndroidManifest.xml
	android:versionName
		INJECTED from src\main\AndroidManifest.xml
		ADDED from src\main\AndroidManifest.xml:2:1-28:12
		INJECTED from src\main\AndroidManifest.xml
	android:versionCode
		INJECTED from src\main\AndroidManifest.xml
		ADDED from src\main\AndroidManifest.xml:2:1-28:12
		INJECTED from src\main\AndroidManifest.xml
	xmlns:android
		ADDED from src\main\AndroidManifest.xml:2:11-69
uses-permission#android.permission.INTERNET
ADDED from src\main\AndroidManifest.xml:5:5-66
MERGED from [com.segway.robot:robot-connectivity-sdk:0.5.82] AndroidManifest.xml:11:5-67
MERGED from [com.segway.robot:robot-connectivity-sdk:0.5.82] AndroidManifest.xml:11:5-67
MERGED from [com.segway.robot:emoji:0.1.18] AndroidManifest.xml:13:5-67
MERGED from [com.segway.robot:emoji:0.1.18] AndroidManifest.xml:13:5-67
	android:name
		ADDED from src\main\AndroidManifest.xml:5:22-64
uses-permission#android.permission.ACCESS_NETWORK_STATE
ADDED from src\main\AndroidManifest.xml:6:5-78
MERGED from [com.segway.robot:robot-connectivity-sdk:0.5.82] AndroidManifest.xml:12:5-79
MERGED from [com.segway.robot:robot-connectivity-sdk:0.5.82] AndroidManifest.xml:12:5-79
	android:name
		ADDED from src\main\AndroidManifest.xml:6:22-76
uses-permission#android.permission.ACCESS_WIFI_STATE
ADDED from src\main\AndroidManifest.xml:7:5-75
MERGED from [com.segway.robot:robot-connectivity-sdk:0.5.82] AndroidManifest.xml:13:5-76
MERGED from [com.segway.robot:robot-connectivity-sdk:0.5.82] AndroidManifest.xml:13:5-76
	android:name
		ADDED from src\main\AndroidManifest.xml:7:22-73
uses-permission#android.permission.CHANGE_WIFI_STATE
ADDED from src\main\AndroidManifest.xml:8:5-75
MERGED from [com.segway.robot:robot-connectivity-sdk:0.5.82] AndroidManifest.xml:14:5-76
MERGED from [com.segway.robot:robot-connectivity-sdk:0.5.82] AndroidManifest.xml:14:5-76
	android:name
		ADDED from src\main\AndroidManifest.xml:8:22-73
application
ADDED from src\main\AndroidManifest.xml:10:5-26:19
MERGED from [com.segway.robot:basic-class:0.5.70] AndroidManifest.xml:11:5-15:19
MERGED from [com.segway.robot:basic-class:0.5.70] AndroidManifest.xml:11:5-15:19
MERGED from [com.android.support:design:23.4.0] AndroidManifest.xml:22:5-20
MERGED from [com.android.support:design:23.4.0] AndroidManifest.xml:22:5-20
MERGED from [com.android.support:appcompat-v7:23.4.0] AndroidManifest.xml:25:5-20
MERGED from [com.android.support:appcompat-v7:23.4.0] AndroidManifest.xml:25:5-20
MERGED from [com.android.support:animated-vector-drawable:23.4.0] AndroidManifest.xml:7:5-20
MERGED from [com.android.support:animated-vector-drawable:23.4.0] AndroidManifest.xml:7:5-20
MERGED from [com.android.support:support-vector-drawable:23.4.0] AndroidManifest.xml:7:5-20
MERGED from [com.android.support:support-vector-drawable:23.4.0] AndroidManifest.xml:7:5-20
MERGED from [com.android.support:support-v4:23.4.0] AndroidManifest.xml:22:5-20
MERGED from [com.android.support:support-v4:23.4.0] AndroidManifest.xml:22:5-20
	android:supportsRtl
		ADDED from src\main\AndroidManifest.xml:14:9-35
	android:label
		ADDED from src\main\AndroidManifest.xml:13:9-41
	android:icon
		ADDED from src\main\AndroidManifest.xml:12:9-43
	android:allowBackup
		ADDED from src\main\AndroidManifest.xml:11:9-35
	android:theme
		ADDED from src\main\AndroidManifest.xml:15:9-67
activity#com.segway.robot.TrackingSample_Robot.MainActivity
ADDED from src\main\AndroidManifest.xml:16:9-24:20
	android:screenOrientation
		ADDED from src\main\AndroidManifest.xml:18:13-50
	android:theme
		ADDED from src\main\AndroidManifest.xml:17:13-71
	android:name
		ADDED from src\main\AndroidManifest.xml:16:19-47
intent-filter#android.intent.action.MAIN+android.intent.category.LAUNCHER
ADDED from src\main\AndroidManifest.xml:19:13-23:29
action#android.intent.action.MAIN
ADDED from src\main\AndroidManifest.xml:20:17-69
	android:name
		ADDED from src\main\AndroidManifest.xml:20:25-66
category#android.intent.category.LAUNCHER
ADDED from src\main\AndroidManifest.xml:22:17-77
	android:name
		ADDED from src\main\AndroidManifest.xml:22:27-74
meta-data#packageTo1
ADDED from src\main\AndroidManifest.xml:25:9-112
	android:value
		ADDED from src\main\AndroidManifest.xml:25:46-99
	android:name
		ADDED from src\main\AndroidManifest.xml:25:20-45
uses-sdk
INJECTED from src\main\AndroidManifest.xml reason: use-sdk injection requested
INJECTED from src\main\AndroidManifest.xml
INJECTED from src\main\AndroidManifest.xml
MERGED from [com.segway.robot:robot-connectivity-sdk:0.5.82] AndroidManifest.xml:7:5-9:41
MERGED from [com.segway.robot:robot-connectivity-sdk:0.5.82] AndroidManifest.xml:7:5-9:41
MERGED from [com.segway.robot:basesdk:0.6.119] AndroidManifest.xml:7:5-9:41
MERGED from [com.segway.robot:basesdk:0.6.119] AndroidManifest.xml:7:5-9:41
MERGED from [com.segway.robot:headsdk:0.6.119] AndroidManifest.xml:7:5-9:41
MERGED from [com.segway.robot:headsdk:0.6.119] AndroidManifest.xml:7:5-9:41
MERGED from [com.segway.robot:emoji:0.1.18] AndroidManifest.xml:7:5-9:41
MERGED from [com.segway.robot:emoji:0.1.18] AndroidManifest.xml:7:5-9:41
MERGED from [com.segway.robot:speech-sdk:0.5.157] AndroidManifest.xml:7:5-9:41
MERGED from [com.segway.robot:speech-sdk:0.5.157] AndroidManifest.xml:7:5-9:41
MERGED from [com.segway.robot:base-connectivity-sdk:0.5.82] AndroidManifest.xml:7:5-9:41
MERGED from [com.segway.robot:base-connectivity-sdk:0.5.82] AndroidManifest.xml:7:5-9:41
MERGED from [com.segway.robot:basic-class:0.5.70] AndroidManifest.xml:7:5-9:41
MERGED from [com.segway.robot:basic-class:0.5.70] AndroidManifest.xml:7:5-9:41
MERGED from [com.segway.robot:sdkbase:0.1.43] AndroidManifest.xml:7:5-9:41
MERGED from [com.segway.robot:sdkbase:0.1.43] AndroidManifest.xml:7:5-9:41
MERGED from [com.android.support:design:23.4.0] AndroidManifest.xml:20:5-43
MERGED from [com.android.support:design:23.4.0] AndroidManifest.xml:20:5-43
MERGED from [com.android.support:recyclerview-v7:23.4.0] AndroidManifest.xml:20:5-43
MERGED from [com.android.support:recyclerview-v7:23.4.0] AndroidManifest.xml:20:5-43
MERGED from [com.android.support:appcompat-v7:23.4.0] AndroidManifest.xml:21:5-23:78
MERGED from [com.android.support:appcompat-v7:23.4.0] AndroidManifest.xml:21:5-23:78
MERGED from [com.android.support:animated-vector-drawable:23.4.0] AndroidManifest.xml:5:5-44
MERGED from [com.android.support:animated-vector-drawable:23.4.0] AndroidManifest.xml:5:5-44
MERGED from [com.android.support:support-vector-drawable:23.4.0] AndroidManifest.xml:5:5-43
MERGED from [com.android.support:support-vector-drawable:23.4.0] AndroidManifest.xml:5:5-43
MERGED from [com.android.support:support-v4:23.4.0] AndroidManifest.xml:20:5-43
MERGED from [com.android.support:support-v4:23.4.0] AndroidManifest.xml:20:5-43
MERGED from [pl.droidsonroids.gif:android-gif-drawable:1.2.2] AndroidManifest.xml:7:5-9:41
MERGED from [pl.droidsonroids.gif:android-gif-drawable:1.2.2] AndroidManifest.xml:7:5-9:41
INJECTED from src\main\AndroidManifest.xml
INJECTED from src\main\AndroidManifest.xml
	tools:overrideLibrary
		ADDED from [com.android.support:appcompat-v7:23.4.0] AndroidManifest.xml:23:9-75
	android:targetSdkVersion
		INJECTED from src\main\AndroidManifest.xml
		ADDED from src\main\AndroidManifest.xml
		INJECTED from src\main\AndroidManifest.xml
	android:minSdkVersion
		INJECTED from src\main\AndroidManifest.xml
		ADDED from src\main\AndroidManifest.xml
		INJECTED from src\main\AndroidManifest.xml
uses-permission#android.permission.WRITE_EXTERNAL_STORAGE
ADDED from [com.segway.robot:emoji:0.1.18] AndroidManifest.xml:11:5-81
MERGED from [com.segway.robot:base-connectivity-sdk:0.5.82] AndroidManifest.xml:12:5-81
MERGED from [com.segway.robot:base-connectivity-sdk:0.5.82] AndroidManifest.xml:12:5-81
MERGED from [com.segway.robot:sdkbase:0.1.43] AndroidManifest.xml:11:5-81
MERGED from [com.segway.robot:sdkbase:0.1.43] AndroidManifest.xml:11:5-81
	android:name
		ADDED from [com.segway.robot:emoji:0.1.18] AndroidManifest.xml:11:22-78
uses-permission#android.permission.MOUNT_UNMOUNT_FILESYSTEMS
ADDED from [com.segway.robot:emoji:0.1.18] AndroidManifest.xml:12:5-84
	android:name
		ADDED from [com.segway.robot:emoji:0.1.18] AndroidManifest.xml:12:22-81
uses-permission#android.permission.READ_EXTERNAL_STORAGE
ADDED from [com.segway.robot:base-connectivity-sdk:0.5.82] AndroidManifest.xml:11:5-80
	android:name
		ADDED from [com.segway.robot:base-connectivity-sdk:0.5.82] AndroidManifest.xml:11:22-77